<?xml version="1.0" encoding="UTF-8"?>
<!-- Generated by org.testng.reporters.JUnitReportReporter -->
<testsuite hostname="DESKTOP-QA4O5QD" failures="0" tests="1" name="Automation.HomePageTest" time="38.834" errors="0" timestamp="2024-11-18T15:15:12 EST" skipped="0">
  <testcase classname="Automation.HomePageTest" name="products" time="38.834"/>
  <system-out>
    <![CDATA[*******************************Launch BrowserUrl Strated**********************************
*********Expected Test Case products Are Succesfully Passed*********]]>
  </system-out>
</testsuite> <!-- Automation.HomePageTest -->
