<?xml version="1.0" encoding="UTF-8"?>
<!-- Generated by org.testng.reporters.JUnitReportReporter -->
<testsuite hostname="DESKTOP-M6TD4RS" failures="0" tests="1" name="AutomationPractice.HomePageTest" time="11.278" errors="0" timestamp="2024-11-20T20:28:38 EST" skipped="0">
  <testcase classname="AutomationPractice.HomePageTest" name="products" time="11.278"/>
  <system-out>
    <![CDATA[*******************************On Test Start**********************************
*********Expected Test Case products Are Succesfully Passed*********]]>
  </system-out>
</testsuite> <!-- AutomationPractice.HomePageTest -->
